TN:
SF:src/main.ts
FN:13,(anonymous_0)
FN:20,(anonymous_1)
FN:21,(anonymous_2)
FN:23,(anonymous_3)
FN:24,(anonymous_4)
FN:29,(anonymous_5)
FN:30,(anonymous_6)
FN:33,(anonymous_7)
FN:53,(anonymous_8)
FN:59,(anonymous_9)
FNF:10
FNH:9
FNDA:2,(anonymous_0)
FNDA:2,(anonymous_1)
FNDA:2,(anonymous_2)
FNDA:2,(anonymous_3)
FNDA:3,(anonymous_4)
FNDA:2,(anonymous_5)
FNDA:2,(anonymous_6)
FNDA:0,(anonymous_7)
FNDA:1,(anonymous_8)
FNDA:1,(anonymous_9)
DA:13,1
DA:18,2
DA:21,2
DA:24,3
DA:29,1
DA:30,2
DA:33,1
DA:38,0
DA:40,0
DA:44,0
DA:45,0
DA:53,1
DA:57,1
DA:60,1
DA:66,3
DA:71,1
DA:74,1
LF:17
LH:13
BRDA:30,0,0,1
BRDA:30,0,1,1
BRDA:39,1,0,0
BRDA:39,1,1,0
BRDA:39,2,0,0
BRDA:39,2,1,0
BRDA:63,3,0,6
BRDA:63,3,1,3
BRDA:68,4,0,3
BRDA:68,4,1,2
BRF:10
BRH:6
end_of_record
