TN:
SF:src/main.ts
FN:13,(anonymous_0)
FN:20,(anonymous_1)
FN:21,(anonymous_2)
FN:23,(anonymous_3)
FN:24,(anonymous_4)
FN:29,(anonymous_5)
FN:30,(anonymous_6)
FN:33,(anonymous_7)
FN:54,(anonymous_8)
FN:63,(anonymous_9)
FNF:10
FNH:10
FNDA:2,(anonymous_0)
FNDA:2,(anonymous_1)
FNDA:2,(anonymous_2)
FNDA:2,(anonymous_3)
FNDA:3,(anonymous_4)
FNDA:2,(anonymous_5)
FNDA:2,(anonymous_6)
FNDA:2,(anonymous_7)
FNDA:4,(anonymous_8)
FNDA:4,(anonymous_9)
DA:13,1
DA:18,2
DA:21,2
DA:24,3
DA:29,1
DA:30,2
DA:33,1
DA:38,2
DA:39,2
DA:40,1
DA:43,1
DA:45,1
DA:46,1
DA:54,1
DA:58,4
DA:64,4
DA:65,4
DA:66,132
DA:70,10
DA:73,4
DA:74,4
DA:75,7
DA:76,5
DA:79,4
LF:24
LH:24
BRDA:30,0,0,1
BRDA:30,0,1,1
BRDA:39,1,0,1
BRDA:39,1,1,1
BRDA:39,2,0,1
BRDA:39,2,1,1
BRDA:39,3,0,2
BRDA:39,3,1,2
BRDA:66,4,0,10
BRDA:66,4,1,122
BRDA:67,5,0,132
BRDA:67,5,1,132
BRDA:67,6,0,0
BRDA:67,6,1,132
BRDA:67,7,0,132
BRDA:67,7,1,132
BRDA:75,8,0,5
BRDA:75,8,1,2
BRF:18
BRH:17
end_of_record
